This file contains any messages produced by compilers while
running configure, to aid debugging if configure makes a mistake.

It was created by swig configure 4.0.2, which was
generated by GNU Autoconf 2.69.  Invocation command line was

  $ ../swig/configure --prefix=/home/mahran/build/Wrapping/Generators/SwigInterface/swig --with-pcre-prefix=/home/mahran/build/Wrapping/Generators/SwigInterface/PCRE

## --------- ##
## Platform. ##
## --------- ##

hostname = Mahran
uname -m = x86_64
uname -r = 4.19.84-microsoft-standard
uname -s = Linux
uname -v = #1 SMP Wed Nov 13 11:44:37 UTC 2019

/usr/bin/uname -p = unknown
/bin/uname -X     = unknown

/bin/arch              = unknown
/usr/bin/arch -k       = unknown
/usr/convex/getsysinfo = unknown
/usr/bin/hostinfo      = unknown
/bin/machine           = unknown
/usr/bin/oslevel       = unknown
/bin/universe          = unknown

PATH: /usr/local/fsl/bin
PATH: /usr/local/fsl/bin
PATH: /usr/local/sbin
PATH: /usr/local/bin
PATH: /usr/sbin
PATH: /usr/bin
PATH: /sbin
PATH: /bin
PATH: /usr/games
PATH: /usr/local/games
PATH: /mnt/c/Program Files (x86)/Common Files/Oracle/Java/javapath
PATH: /mnt/c/Python27/
PATH: /mnt/c/Python27/Scripts
PATH: /mnt/c/WINDOWS/system32
PATH: /mnt/c/WINDOWS
PATH: /mnt/c/WINDOWS/System32/Wbem
PATH: /mnt/c/WINDOWS/System32/WindowsPowerShell/v1.0/
PATH: /mnt/c/WINDOWS/System32/OpenSSH/
PATH: /mnt/c/WINDOWS/system32/config/systemprofile/.dnx/bin
PATH: /mnt/c/Program Files/Microsoft DNX/Dnvm/
PATH: /mnt/c/Program Files/Microsoft SQL Server/130/Tools/Binn/
PATH: /mnt/c/Program Files (x86)/Windows Kits/8.1/Windows Performance Toolkit/
PATH: /mnt/c/Program Files/Intel/WiFi/bin/
PATH: /mnt/c/Program Files/Common Files/Intel/WirelessCommon/
PATH: /mnt/c/Program Files/CMake/bin
PATH: /mnt/c/Users/Mahran/SOFA/v19.06.00/bin
PATH: /mnt/c/Program Files/Git/cmd
PATH: /mnt/c/WINDOWS/System32/WBem
PATH: /mnt/c/Program Files (x86)/Intel/Intel(R) Management Engine Components/DAL
PATH: /mnt/c/Program Files/Intel/Intel(R) Management Engine Components/DAL
PATH: /mnt/c/Users/Mahran/.dnx/bin
PATH: /mnt/c/Python3/Scripts/
PATH: /mnt/c/Python3/
PATH: /mnt/c/Users/Mahran/AppData/Local/Microsoft/WindowsApps
PATH: /mnt/c/Python27
PATH: /mnt/c/Python27/Scripts
PATH: /mnt/c/Users/Mahran/AppData/Local/Microsoft/WindowsApps
PATH: /mnt/c/Users/Mahran/AppData/Local/Programs/Microsoft VS Code/bin
PATH: /snap/bin


## ----------- ##
## Core tests. ##
## ----------- ##

configure:2777: checking build system type
configure:2791: result: x86_64-pc-linux-gnu
configure:2811: checking host system type
configure:2824: result: x86_64-pc-linux-gnu
configure:2860: checking for a BSD-compatible install
configure:2928: result: /usr/bin/install -c
configure:2939: checking whether build environment is sane
configure:2994: result: yes
configure:3145: checking for a thread-safe mkdir -p
configure:3184: result: /bin/mkdir -p
configure:3191: checking for gawk
configure:3207: found /usr/bin/gawk
configure:3218: result: gawk
configure:3229: checking whether make sets $(MAKE)
configure:3251: result: yes
configure:3280: checking whether make supports nested variables
configure:3297: result: yes
configure:3474: checking for gcc
configure:3501: result:  /usr/bin/cc
configure:3730: checking for C compiler version
configure:3739:  /usr/bin/cc --version >&5
cc (Ubuntu 7.5.0-3ubuntu1~18.04) 7.5.0
Copyright (C) 2017 Free Software Foundation, Inc.
This is free software; see the source for copying conditions.  There is NO
warranty; not even for MERCHANTABILITY or FITNESS FOR A PARTICULAR PURPOSE.

configure:3750: $? = 0
configure:3739:  /usr/bin/cc -v >&5
Using built-in specs.
COLLECT_GCC=/usr/bin/cc
COLLECT_LTO_WRAPPER=/usr/lib/gcc/x86_64-linux-gnu/7/lto-wrapper
OFFLOAD_TARGET_NAMES=nvptx-none
OFFLOAD_TARGET_DEFAULT=1
Target: x86_64-linux-gnu
Configured with: ../src/configure -v --with-pkgversion='Ubuntu 7.5.0-3ubuntu1~18.04' --with-bugurl=file:///usr/share/doc/gcc-7/README.Bugs --enable-languages=c,ada,c++,go,brig,d,fortran,objc,obj-c++ --prefix=/usr --with-gcc-major-version-only --program-suffix=-7 --program-prefix=x86_64-linux-gnu- --enable-shared --enable-linker-build-id --libexecdir=/usr/lib --without-included-gettext --enable-threads=posix --libdir=/usr/lib --enable-nls --enable-bootstrap --enable-clocale=gnu --enable-libstdcxx-debug --enable-libstdcxx-time=yes --with-default-libstdcxx-abi=new --enable-gnu-unique-object --disable-vtable-verify --enable-libmpx --enable-plugin --enable-default-pie --with-system-zlib --with-target-system-zlib --enable-objc-gc=auto --enable-multiarch --disable-werror --with-arch-32=i686 --with-abi=m64 --with-multilib-list=m32,m64,mx32 --enable-multilib --with-tune=generic --enable-offload-targets=nvptx-none --without-cuda-driver --enable-checking=release --build=x86_64-linux-gnu --host=x86_64-linux-gnu --target=x86_64-linux-gnu
Thread model: posix
gcc version 7.5.0 (Ubuntu 7.5.0-3ubuntu1~18.04) 
configure:3750: $? = 0
configure:3739:  /usr/bin/cc -V >&5
cc: error: unrecognized command line option '-V'
cc: fatal error: no input files
compilation terminated.
configure:3750: $? = 1
configure:3739:  /usr/bin/cc -qversion >&5
cc: error: unrecognized command line option '-qversion'; did you mean '--version'?
cc: fatal error: no input files
compilation terminated.
configure:3750: $? = 1
configure:3770: checking whether the C compiler works
configure:3792:  /usr/bin/cc    -O3 -DNDEBUG -w   conftest.c  >&5
configure:3796: $? = 0
configure:3844: result: yes
configure:3847: checking for C compiler default output file name
configure:3849: result: a.out
configure:3855: checking for suffix of executables
configure:3862:  /usr/bin/cc -o conftest    -O3 -DNDEBUG -w   conftest.c  >&5
configure:3866: $? = 0
configure:3888: result: 
configure:3910: checking whether we are cross compiling
configure:3918:  /usr/bin/cc -o conftest    -O3 -DNDEBUG -w   conftest.c  >&5
configure:3922: $? = 0
configure:3929: ./conftest
configure:3933: $? = 0
configure:3948: result: no
configure:3953: checking for suffix of object files
configure:3975:  /usr/bin/cc -c    -O3 -DNDEBUG -w  conftest.c >&5
configure:3979: $? = 0
configure:4000: result: o
configure:4004: checking whether we are using the GNU C compiler
configure:4023:  /usr/bin/cc -c    -O3 -DNDEBUG -w  conftest.c >&5
configure:4023: $? = 0
configure:4032: result: yes
configure:4041: checking whether  /usr/bin/cc accepts -g
configure:4061:  /usr/bin/cc -c -g  conftest.c >&5
configure:4061: $? = 0
configure:4102: result: yes
configure:4119: checking for  /usr/bin/cc option to accept ISO C89
configure:4182:  /usr/bin/cc  -c    -O3 -DNDEBUG -w  conftest.c >&5
configure:4182: $? = 0
configure:4195: result: none needed
configure:4220: checking whether  /usr/bin/cc understands -c and -o together
configure:4242:  /usr/bin/cc -c conftest.c -o conftest2.o
configure:4245: $? = 0
configure:4242:  /usr/bin/cc -c conftest.c -o conftest2.o
configure:4245: $? = 0
configure:4257: result: yes
configure:4285: checking for style of include used by make
configure:4313: result: GNU
configure:4339: checking dependency style of  /usr/bin/cc
configure:4450: result: gcc3
configure:4577: checking for C++ compiler version
configure:4586:  /usr/bin/c++ --version >&5
c++ (Ubuntu 7.5.0-3ubuntu1~18.04) 7.5.0
Copyright (C) 2017 Free Software Foundation, Inc.
This is free software; see the source for copying conditions.  There is NO
warranty; not even for MERCHANTABILITY or FITNESS FOR A PARTICULAR PURPOSE.

configure:4597: $? = 0
configure:4586:  /usr/bin/c++ -v >&5
Using built-in specs.
COLLECT_GCC=/usr/bin/c++
COLLECT_LTO_WRAPPER=/usr/lib/gcc/x86_64-linux-gnu/7/lto-wrapper
OFFLOAD_TARGET_NAMES=nvptx-none
OFFLOAD_TARGET_DEFAULT=1
Target: x86_64-linux-gnu
Configured with: ../src/configure -v --with-pkgversion='Ubuntu 7.5.0-3ubuntu1~18.04' --with-bugurl=file:///usr/share/doc/gcc-7/README.Bugs --enable-languages=c,ada,c++,go,brig,d,fortran,objc,obj-c++ --prefix=/usr --with-gcc-major-version-only --program-suffix=-7 --program-prefix=x86_64-linux-gnu- --enable-shared --enable-linker-build-id --libexecdir=/usr/lib --without-included-gettext --enable-threads=posix --libdir=/usr/lib --enable-nls --enable-bootstrap --enable-clocale=gnu --enable-libstdcxx-debug --enable-libstdcxx-time=yes --with-default-libstdcxx-abi=new --enable-gnu-unique-object --disable-vtable-verify --enable-libmpx --enable-plugin --enable-default-pie --with-system-zlib --with-target-system-zlib --enable-objc-gc=auto --enable-multiarch --disable-werror --with-arch-32=i686 --with-abi=m64 --with-multilib-list=m32,m64,mx32 --enable-multilib --with-tune=generic --enable-offload-targets=nvptx-none --without-cuda-driver --enable-checking=release --build=x86_64-linux-gnu --host=x86_64-linux-gnu --target=x86_64-linux-gnu
Thread model: posix
gcc version 7.5.0 (Ubuntu 7.5.0-3ubuntu1~18.04) 
configure:4597: $? = 0
configure:4586:  /usr/bin/c++ -V >&5
c++: error: unrecognized command line option '-V'
c++: fatal error: no input files
compilation terminated.
configure:4597: $? = 1
configure:4586:  /usr/bin/c++ -qversion >&5
c++: error: unrecognized command line option '-qversion'; did you mean '--version'?
c++: fatal error: no input files
compilation terminated.
configure:4597: $? = 1
configure:4601: checking whether we are using the GNU C++ compiler
configure:4620:  /usr/bin/c++ -c   -msse2  -msse2 -O3 -DNDEBUG -w  conftest.cpp >&5
configure:4620: $? = 0
configure:4629: result: yes
configure:4638: checking whether  /usr/bin/c++ accepts -g
configure:4658:  /usr/bin/c++ -c -g  conftest.cpp >&5
configure:4658: $? = 0
configure:4699: result: yes
configure:4724: checking dependency style of  /usr/bin/c++
configure:4835: result: gcc3
configure:4853: checking maximum warning verbosity option
configure:4891: result: -Wall -W -ansi -pedantic for C++ -Wall -W -ansi -pedantic for C
configure:4914: checking how to run the C preprocessor
configure:4945:  /usr/bin/cc -E  conftest.c
configure:4945: $? = 0
configure:4959:  /usr/bin/cc -E  conftest.c
conftest.c:13:10: fatal error: ac_nonexistent.h: No such file or directory
 #include <ac_nonexistent.h>
          ^~~~~~~~~~~~~~~~~~
compilation terminated.
configure:4959: $? = 1
configure: failed program was:
| /* confdefs.h */
| #define PACKAGE_NAME "swig"
| #define PACKAGE_TARNAME "swig"
| #define PACKAGE_VERSION "4.0.2"
| #define PACKAGE_STRING "swig 4.0.2"
| #define PACKAGE_BUGREPORT "http://www.swig.org"
| #define PACKAGE_URL ""
| #define PACKAGE "swig"
| #define VERSION "4.0.2"
| #define SWIG_CXX " /usr/bin/c++"
| #define SWIG_PLATFORM "x86_64-pc-linux-gnu"
| /* end confdefs.h.  */
| #include <ac_nonexistent.h>
configure:4984: result:  /usr/bin/cc -E
configure:5004:  /usr/bin/cc -E  conftest.c
configure:5004: $? = 0
configure:5018:  /usr/bin/cc -E  conftest.c
conftest.c:13:10: fatal error: ac_nonexistent.h: No such file or directory
 #include <ac_nonexistent.h>
          ^~~~~~~~~~~~~~~~~~
compilation terminated.
configure:5018: $? = 1
configure: failed program was:
| /* confdefs.h */
| #define PACKAGE_NAME "swig"
| #define PACKAGE_TARNAME "swig"
| #define PACKAGE_VERSION "4.0.2"
| #define PACKAGE_STRING "swig 4.0.2"
| #define PACKAGE_BUGREPORT "http://www.swig.org"
| #define PACKAGE_URL ""
| #define PACKAGE "swig"
| #define VERSION "4.0.2"
| #define SWIG_CXX " /usr/bin/c++"
| #define SWIG_PLATFORM "x86_64-pc-linux-gnu"
| /* end confdefs.h.  */
| #include <ac_nonexistent.h>
configure:5047: checking for grep that handles long lines and -e
configure:5105: result: /bin/grep
configure:5110: checking for egrep
configure:5172: result: /bin/grep -E
configure:5177: checking for ANSI C header files
configure:5197:  /usr/bin/cc -c    -O3 -DNDEBUG -w -Wall -W -ansi -pedantic  conftest.c >&5
configure:5197: $? = 0
configure:5270:  /usr/bin/cc -o conftest    -O3 -DNDEBUG -w -Wall -W -ansi -pedantic   conftest.c  >&5
configure:5270: $? = 0
configure:5270: ./conftest
configure:5270: $? = 0
configure:5281: result: yes
configure:5300: checking for popen
configure:5300:  /usr/bin/cc -o conftest    -O3 -DNDEBUG -w -Wall -W -ansi -pedantic   conftest.c  >&5
configure:5300: $? = 0
configure:5300: result: yes
configure:5321: checking whether to enable PCRE support
configure:5323: result: yes
configure:5327: checking whether to use local PCRE
configure:5336: result: no
configure:5339: checking for a sed that does not truncate output
configure:5403: result: /bin/sed
configure:5473: checking for pcre-config
configure:5503: result: /home/mahran/build/Wrapping/Generators/SwigInterface/PCRE/bin/pcre-config
configure:5673: checking whether to enable ccache-swig
configure:5675: result: yes
configure:5697: checking for bison
configure:5724: result: BISON_EXECUTABLE-NOTFOUND
configure:5881: checking for boostlib >=  (102000)
configure:5913:  /usr/bin/c++ -c   -msse2  -msse2 -O3 -DNDEBUG -w -Wall -W -ansi -pedantic  -I/home/mahran/build/Wrapping/Generators/SwigInterface/PCRE/include -DPCRE_STATIC  conftest.cpp >&5
conftest.cpp:17:10: fatal error: boost/version.hpp: No such file or directory
 #include <boost/version.hpp>
          ^~~~~~~~~~~~~~~~~~~
compilation terminated.
configure:5913: $? = 1
configure: failed program was:
| /* confdefs.h */
| #define PACKAGE_NAME "swig"
| #define PACKAGE_TARNAME "swig"
| #define PACKAGE_VERSION "4.0.2"
| #define PACKAGE_STRING "swig 4.0.2"
| #define PACKAGE_BUGREPORT "http://www.swig.org"
| #define PACKAGE_URL ""
| #define PACKAGE "swig"
| #define VERSION "4.0.2"
| #define SWIG_CXX " /usr/bin/c++"
| #define SWIG_PLATFORM "x86_64-pc-linux-gnu"
| #define STDC_HEADERS 1
| #define HAVE_POPEN 1
| #define HAVE_PCRE 1
| /* end confdefs.h.  */
| 
| #include <boost/version.hpp>
| 
| int
| main ()
| {
| 
| (void) ((void)sizeof(char[1 - 2*!!((BOOST_VERSION) < (102000))]));
| 
|   ;
|   return 0;
| }
configure:6032:  /usr/bin/c++ -c   -msse2  -msse2 -O3 -DNDEBUG -w -Wall -W -ansi -pedantic  -I/home/mahran/build/Wrapping/Generators/SwigInterface/PCRE/include -DPCRE_STATIC -I/include/boost-0 conftest.cpp >&5
conftest.cpp:17:10: fatal error: boost/version.hpp: No such file or directory
 #include <boost/version.hpp>
          ^~~~~~~~~~~~~~~~~~~
compilation terminated.
configure:6032: $? = 1
configure: failed program was:
| /* confdefs.h */
| #define PACKAGE_NAME "swig"
| #define PACKAGE_TARNAME "swig"
| #define PACKAGE_VERSION "4.0.2"
| #define PACKAGE_STRING "swig 4.0.2"
| #define PACKAGE_BUGREPORT "http://www.swig.org"
| #define PACKAGE_URL ""
| #define PACKAGE "swig"
| #define VERSION "4.0.2"
| #define SWIG_CXX " /usr/bin/c++"
| #define SWIG_PLATFORM "x86_64-pc-linux-gnu"
| #define STDC_HEADERS 1
| #define HAVE_POPEN 1
| #define HAVE_PCRE 1
| /* end confdefs.h.  */
| 
| #include <boost/version.hpp>
| 
| int
| main ()
| {
| 
| (void) ((void)sizeof(char[1 - 2*!!((BOOST_VERSION) < (102000))]));
| 
|   ;
|   return 0;
| }
configure:6051: We could not detect the boost libraries (version  or higher). If you have a staged boost library (still not installed) please specify $BOOST_ROOT in your environment and do not give a PATH to --with-boost option.  If you are sure you have boost installed, then check your version number looking in <boost/version.hpp>. See http://randspringer.de/boost for more documentation.
configure:6079: checking SO
configure:6090: result: .so
configure:6097: checking LDSHARED
configure:6146: result:  /usr/bin/cc -shared
configure:6152: checking CXXSHARED
configure:6158: result:  /usr/bin/cc -shared
configure:6162: checking TRYLINKINGWITHCXX
configure:6187: result: CXXSHARED=  /usr/bin/c++ -shared 
configure:6191: checking CCSHARED
configure:6212: result: -fpic
configure:6216: checking RPATH
configure:6227: result: -Xlinker -rpath $(exec_prefix)/lib -Xlinker -rpath .
configure:6233: checking LINKFORSHARED
configure:6247: result: -Xlinker -export-dynamic
configure:6251: checking PLATCFLAGS
configure:6261: result: 
configure:6272: checking whether to enable C++11 testing
configure:6274: result: no
configure:6420: checking if compiler supports pre-compiled headers
configure:6458: result: yes
configure:6516: checking for dlopen in -ldl
configure:6541:  /usr/bin/cc -o conftest    -O3 -DNDEBUG -w -Wall -W -ansi -pedantic  -I/home/mahran/build/Wrapping/Generators/SwigInterface/PCRE/include -DPCRE_STATIC  conftest.c -ldl   -L/home/mahran/build/Wrapping/Generators/SwigInterface/PCRE/lib -lpcre >&5
configure:6541: $? = 0
configure:6550: result: yes
configure:6561: checking for shl_load in -ldld
configure:6586:  /usr/bin/cc -o conftest    -O3 -DNDEBUG -w -Wall -W -ansi -pedantic  -I/home/mahran/build/Wrapping/Generators/SwigInterface/PCRE/include -DPCRE_STATIC  conftest.c -ldld  -ldl  -L/home/mahran/build/Wrapping/Generators/SwigInterface/PCRE/lib -lpcre >&5
/usr/bin/ld: cannot find -ldld
collect2: error: ld returned 1 exit status
configure:6586: $? = 1
configure: failed program was:
| /* confdefs.h */
| #define PACKAGE_NAME "swig"
| #define PACKAGE_TARNAME "swig"
| #define PACKAGE_VERSION "4.0.2"
| #define PACKAGE_STRING "swig 4.0.2"
| #define PACKAGE_BUGREPORT "http://www.swig.org"
| #define PACKAGE_URL ""
| #define PACKAGE "swig"
| #define VERSION "4.0.2"
| #define SWIG_CXX " /usr/bin/c++"
| #define SWIG_PLATFORM "x86_64-pc-linux-gnu"
| #define STDC_HEADERS 1
| #define HAVE_POPEN 1
| #define HAVE_PCRE 1
| #define HAVE_LIBDL 1
| /* end confdefs.h.  */
| 
| /* Override any GCC internal prototype to avoid an error.
|    Use char because int might match the return type of a GCC
|    builtin and then its argument prototype would still apply.  */
| #ifdef __cplusplus
| extern "C"
| #endif
| char shl_load ();
| int
| main ()
| {
| return shl_load ();
|   ;
|   return 0;
| }
configure:6595: result: no
configure:6607: checking for library containing t_open
configure:6638:  /usr/bin/cc -o conftest    -O3 -DNDEBUG -w -Wall -W -ansi -pedantic  -I/home/mahran/build/Wrapping/Generators/SwigInterface/PCRE/include -DPCRE_STATIC  conftest.c -ldl  -L/home/mahran/build/Wrapping/Generators/SwigInterface/PCRE/lib -lpcre >&5
/tmp/ccSlRBZm.o: In function `main':
conftest.c:(.text.startup+0x7): undefined reference to `t_open'
collect2: error: ld returned 1 exit status
configure:6638: $? = 1
configure: failed program was:
| /* confdefs.h */
| #define PACKAGE_NAME "swig"
| #define PACKAGE_TARNAME "swig"
| #define PACKAGE_VERSION "4.0.2"
| #define PACKAGE_STRING "swig 4.0.2"
| #define PACKAGE_BUGREPORT "http://www.swig.org"
| #define PACKAGE_URL ""
| #define PACKAGE "swig"
| #define VERSION "4.0.2"
| #define SWIG_CXX " /usr/bin/c++"
| #define SWIG_PLATFORM "x86_64-pc-linux-gnu"
| #define STDC_HEADERS 1
| #define HAVE_POPEN 1
| #define HAVE_PCRE 1
| #define HAVE_LIBDL 1
| /* end confdefs.h.  */
| 
| /* Override any GCC internal prototype to avoid an error.
|    Use char because int might match the return type of a GCC
|    builtin and then its argument prototype would still apply.  */
| #ifdef __cplusplus
| extern "C"
| #endif
| char t_open ();
| int
| main ()
| {
| return t_open ();
|   ;
|   return 0;
| }
configure:6638:  /usr/bin/cc -o conftest    -O3 -DNDEBUG -w -Wall -W -ansi -pedantic  -I/home/mahran/build/Wrapping/Generators/SwigInterface/PCRE/include -DPCRE_STATIC  conftest.c -lnsl  -ldl  -L/home/mahran/build/Wrapping/Generators/SwigInterface/PCRE/lib -lpcre >&5
/tmp/ccTYgkZ8.o: In function `main':
conftest.c:(.text.startup+0x7): undefined reference to `t_open'
collect2: error: ld returned 1 exit status
configure:6638: $? = 1
configure: failed program was:
| /* confdefs.h */
| #define PACKAGE_NAME "swig"
| #define PACKAGE_TARNAME "swig"
| #define PACKAGE_VERSION "4.0.2"
| #define PACKAGE_STRING "swig 4.0.2"
| #define PACKAGE_BUGREPORT "http://www.swig.org"
| #define PACKAGE_URL ""
| #define PACKAGE "swig"
| #define VERSION "4.0.2"
| #define SWIG_CXX " /usr/bin/c++"
| #define SWIG_PLATFORM "x86_64-pc-linux-gnu"
| #define STDC_HEADERS 1
| #define HAVE_POPEN 1
| #define HAVE_PCRE 1
| #define HAVE_LIBDL 1
| /* end confdefs.h.  */
| 
| /* Override any GCC internal prototype to avoid an error.
|    Use char because int might match the return type of a GCC
|    builtin and then its argument prototype would still apply.  */
| #ifdef __cplusplus
| extern "C"
| #endif
| char t_open ();
| int
| main ()
| {
| return t_open ();
|   ;
|   return 0;
| }
configure:6655: result: no
configure:6663: checking for library containing gethostbyname
configure:6694:  /usr/bin/cc -o conftest    -O3 -DNDEBUG -w -Wall -W -ansi -pedantic  -I/home/mahran/build/Wrapping/Generators/SwigInterface/PCRE/include -DPCRE_STATIC  conftest.c -ldl  -L/home/mahran/build/Wrapping/Generators/SwigInterface/PCRE/lib -lpcre >&5
configure:6694: $? = 0
configure:6711: result: none required
configure:6719: checking for library containing socket
configure:6750:  /usr/bin/cc -o conftest    -O3 -DNDEBUG -w -Wall -W -ansi -pedantic  -I/home/mahran/build/Wrapping/Generators/SwigInterface/PCRE/include -DPCRE_STATIC  conftest.c -ldl  -L/home/mahran/build/Wrapping/Generators/SwigInterface/PCRE/lib -lpcre >&5
configure:6750: $? = 0
configure:6767: result: none required
configure:6776: checking for swill_init in -lswill
configure:6801:  /usr/bin/cc -o conftest    -O3 -DNDEBUG -w -Wall -W -ansi -pedantic  -I/home/mahran/build/Wrapping/Generators/SwigInterface/PCRE/include -DPCRE_STATIC  conftest.c -lswill  -ldl  -L/home/mahran/build/Wrapping/Generators/SwigInterface/PCRE/lib -lpcre >&5
/usr/bin/ld: cannot find -lswill
collect2: error: ld returned 1 exit status
configure:6801: $? = 1
configure: failed program was:
| /* confdefs.h */
| #define PACKAGE_NAME "swig"
| #define PACKAGE_TARNAME "swig"
| #define PACKAGE_VERSION "4.0.2"
| #define PACKAGE_STRING "swig 4.0.2"
| #define PACKAGE_BUGREPORT "http://www.swig.org"
| #define PACKAGE_URL ""
| #define PACKAGE "swig"
| #define VERSION "4.0.2"
| #define SWIG_CXX " /usr/bin/c++"
| #define SWIG_PLATFORM "x86_64-pc-linux-gnu"
| #define STDC_HEADERS 1
| #define HAVE_POPEN 1
| #define HAVE_PCRE 1
| #define HAVE_LIBDL 1
| /* end confdefs.h.  */
| 
| /* Override any GCC internal prototype to avoid an error.
|    Use char because int might match the return type of a GCC
|    builtin and then its argument prototype would still apply.  */
| #ifdef __cplusplus
| extern "C"
| #endif
| char swill_init ();
| int
| main ()
| {
| return swill_init ();
|   ;
|   return 0;
| }
configure:6810: result: no
configure:6832: checking for main in -lieee
configure:6851:  /usr/bin/cc -o conftest    -O3 -DNDEBUG -w -Wall -W -ansi -pedantic  -I/home/mahran/build/Wrapping/Generators/SwigInterface/PCRE/include -DPCRE_STATIC  conftest.c -lieee  -ldl  -L/home/mahran/build/Wrapping/Generators/SwigInterface/PCRE/lib -lpcre >&5
/usr/bin/ld: cannot find -lieee
collect2: error: ld returned 1 exit status
configure:6851: $? = 1
configure: failed program was:
| /* confdefs.h */
| #define PACKAGE_NAME "swig"
| #define PACKAGE_TARNAME "swig"
| #define PACKAGE_VERSION "4.0.2"
| #define PACKAGE_STRING "swig 4.0.2"
| #define PACKAGE_BUGREPORT "http://www.swig.org"
| #define PACKAGE_URL ""
| #define PACKAGE "swig"
| #define VERSION "4.0.2"
| #define SWIG_CXX " /usr/bin/c++"
| #define SWIG_PLATFORM "x86_64-pc-linux-gnu"
| #define STDC_HEADERS 1
| #define HAVE_POPEN 1
| #define HAVE_PCRE 1
| #define HAVE_LIBDL 1
| /* end confdefs.h.  */
| 
| 
| int
| main ()
| {
| return main ();
|   ;
|   return 0;
| }
configure:6860: result: no
configure:6866: checking for crypt in -lcrypt
configure:6891:  /usr/bin/cc -o conftest    -O3 -DNDEBUG -w -Wall -W -ansi -pedantic  -I/home/mahran/build/Wrapping/Generators/SwigInterface/PCRE/include -DPCRE_STATIC  conftest.c -lcrypt  -ldl  -L/home/mahran/build/Wrapping/Generators/SwigInterface/PCRE/lib -lpcre >&5
configure:6891: $? = 0
configure:6900: result: yes
configure:6942: checking for pkg-config
configure:6958: found /usr/bin/pkg-config
configure:6969: result: pkg-config
configure:7030: checking for Tcl configuration
configure:7060: result: no
configure:7086: checking for Tcl header files
configure:7093:  /usr/bin/cc -E  -I/home/mahran/build/Wrapping/Generators/SwigInterface/PCRE/include -DPCRE_STATIC conftest.c
conftest.c:17:10: fatal error: tcl.h: No such file or directory
 #include <tcl.h>
          ^~~~~~~
compilation terminated.
configure:7093: $? = 1
configure: failed program was:
| /* confdefs.h */
| #define PACKAGE_NAME "swig"
| #define PACKAGE_TARNAME "swig"
| #define PACKAGE_VERSION "4.0.2"
| #define PACKAGE_STRING "swig 4.0.2"
| #define PACKAGE_BUGREPORT "http://www.swig.org"
| #define PACKAGE_URL ""
| #define PACKAGE "swig"
| #define VERSION "4.0.2"
| #define SWIG_CXX " /usr/bin/c++"
| #define SWIG_PLATFORM "x86_64-pc-linux-gnu"
| #define STDC_HEADERS 1
| #define HAVE_POPEN 1
| #define HAVE_PCRE 1
| #define HAVE_LIBDL 1
| /* end confdefs.h.  */
| #include <tcl.h>
configure:7111: result: not found
configure:7119: checking for Tcl library
configure:7132: result: not found
configure:7194: checking for python
configure:7210: found /usr/bin/python
configure:7221: result: python
configure:7238: checking for python major version number
configure:7241: result: 2
configure:7246: checking for Python os.name
configure:7249: result: posix
configure:7251: checking for Python path separator
configure:7254: result: /
configure:7260: checking for Python prefix
configure:7263: result: /usr
configure:7265: checking for Python exec-prefix
configure:7268: result: /usr
configure:7299: checking for Python version
configure:7305: result: python2.7
configure:7310: checking for Python lib dir
configure:7317: result: lib
configure:7322: checking for Python header files
configure:7332: result: -I/usr/include/python2.7 -I/usr/lib/python2.7/config
configure:7336: checking for Python library directory
configure:7350: result: Not found
configure:7356: checking for Python library
configure:7362: result: -lpython2.7
configure:7418: checking for python3
configure:7434: found /usr/bin/python3
configure:7445: result: python3
configure:7461: checking for python3-config
configure:7477: found /usr/bin/python3-config
configure:7488: result: python3-config
configure:7552: checking for python3 major version number
configure:7555: result: 3
configure:7563: checking for Python 3.x os.name
configure:7566: result: posix
configure:7568: checking for Python 3.x path separator
configure:7571: result: /
configure:7621: checking for Python 3.x prefix
configure:7624: result: /usr
configure:7626: checking for Python 3.x exec-prefix
configure:7630: result: /usr
configure:7636: checking for Python 3.x version
configure:7642: result: python3.6
configure:7647: checking for Python 3.x lib dir
configure:7654: result: lib
configure:7659: checking for Python 3.x header files
configure:7662: result: -I/usr/include/python3.6m -I/usr/include/python3.6m
configure:7666: checking for Python 3.x library directory
configure:7676: result: Not found
configure:7685: checking for Python 3.x library
configure:7691: result: -lpython3.6
configure:7717: checking for pycodestyle
configure:7747: result: no
configure:7779: checking for 2to3-3
configure:7809: result: no
configure:7779: checking for 2to3
configure:7809: result: no
configure:7819: checking for 2to3.py
configure:7827: result: Not found
configure:7868: checking for perl
configure:7884: found /usr/bin/perl
configure:7895: result: perl
configure:7913: checking for Perl5 header files
configure:7922: result: /usr/lib/x86_64-linux-gnu/perl/5.26/CORE
configure:7934: checking for Perl5 library
configure:7941: result: perl
configure:7944: checking for Perl5 ccflags
configure:7951: result: -D_REENTRANT -D_GNU_SOURCE -DDEBIAN -fwrapv -fno-strict-aliasing -pipe -I/usr/local/include -D_LARGEFILE_SOURCE -D_FILE_OFFSET_BITS=64
configure:7954: checking for Perl5 ccdlflags
configure:7961: result: -Wl,-E
configure:7964: checking for Perl5 cccdlflags
configure:7971: result: -fPIC
configure:7974: checking for Perl5 ldflags
configure:7981: result:  -fstack-protector-strong -L/usr/local/lib
configure:7984: checking for Perl5 Test::More module
configure:7991: result: found
configure:8046: checking for octave-cli
configure:8079: result: no
configure:8268: checking for scilab
configure:8298: result: no
configure:8444: checking for java JDK
configure:8478: result: no (JAVA_HOME is not defined)
configure:8490: checking for java
configure:8520: result: no
configure:8490: checking for kaffe
configure:8520: result: no
configure:8490: checking for guavac
configure:8520: result: no
configure:8541: checking for javac
configure:8571: result: no
configure:8614: checking for java include file jni.h
configure:8656: result: not found
configure:8810: checking for nodejs
configure:8840: result: no
configure:8810: checking for node
configure:8826: found /usr/local/bin/node
configure:8837: result: node
configure:8855: checking for node-gyp
configure:8885: result: no
configure:8903: checking for JavaScriptCore/JavaScript.h
configure:8943: result: not found
configure:8958: checking for JavaScriptCore/Webkit library
configure:8965: result: not found
configure:8981: checking for V8 Javascript v8.h
configure:9016: result: not found
configure:9024: checking for V8 Javascript library
configure:9045: result: not found
configure:9133: checking for android
configure:9163: result: no
configure:9180: checking for adb
configure:9210: result: no
configure:9227: checking for ant
configure:9257: result: no
configure:9274: checking for ndk-build
configure:9304: result: no
configure:9370: checking for guile-config
configure:9403: result: no
configure:9560: checking for mzscheme
configure:9593: result: no
configure:9605: checking for mzc
configure:9638: result: no
configure:9697: checking for ruby
configure:9713: found /usr/bin/ruby
configure:9724: result: ruby
configure:9739: checking for Ruby header files
configure:9768: result: could not locate ruby.h
configure:9773: checking for Ruby library
configure:9819: result: not found... using /usr/include/ruby-2.5.0
configure:9881: checking for php7.3
configure:9911: result: no
configure:9881: checking for php7.2
configure:9911: result: no
configure:9881: checking for php7.1
configure:9911: result: no
configure:9881: checking for php7.0
configure:9911: result: no
configure:9881: checking for php
configure:9911: result: no
configure:10021: checking for ocamlc
configure:10051: result: no
configure:10067: checking for camlp4
configure:10097: result: no
configure:10113: checking for ocamldlgen
configure:10143: result: no
configure:10159: checking for ocamlfind
configure:10189: result: no
configure:10205: checking for ocamlmktop
configure:10235: result: no
configure:10393: checking for mono-csc
configure:10423: result: no
configure:10393: checking for gmcs
configure:10423: result: no
configure:10393: checking for mcs
configure:10423: result: no
configure:10393: checking for cscc
configure:10423: result: no
configure:10649: checking for lua5.4
configure:10682: result: no
configure:10649: checking for lua5.3
configure:10682: result: no
configure:10649: checking for lua5.2
configure:10682: result: no
configure:10649: checking for lua5.1
configure:10682: result: no
configure:10649: checking for lua
configure:10682: result: no
configure:10956: checking for R
configure:10989: result: no
configure:11028: checking for go
configure:11058: result: no
configure:11107: checking for gccgo
configure:11137: result: no
configure:11266: checking for dmd
configure:11296: result: no
configure:11266: checking for ldmd
configure:11296: result: no
configure:11266: checking for gdmd
configure:11296: result: no
configure:11336: checking for dmd
configure:11366: result: no
configure:11336: checking for gdmd
configure:11366: result: no
configure:11785: checking that generated files are newer than configure
configure:11791: result: done
configure:11818: creating ./config.status

## ---------------------- ##
## Running config.status. ##
## ---------------------- ##

This file was extended by swig config.status 4.0.2, which was
generated by GNU Autoconf 2.69.  Invocation command line was

  CONFIG_FILES    = 
  CONFIG_HEADERS  = 
  CONFIG_LINKS    = 
  CONFIG_COMMANDS = 
  $ ./config.status 

on Mahran

config.status:1063: creating Makefile
config.status:1063: creating swig.spec
config.status:1063: creating Examples/Makefile
config.status:1063: creating Examples/d/example.mk
config.status:1063: creating Examples/xml/Makefile
config.status:1063: creating Examples/test-suite/errors/Makefile
config.status:1063: creating Examples/test-suite/csharp/Makefile
config.status:1063: creating Examples/test-suite/d/Makefile
config.status:1063: creating Examples/test-suite/guile/Makefile
config.status:1063: creating Examples/test-suite/java/Makefile
config.status:1063: creating Examples/test-suite/javascript/Makefile
config.status:1063: creating Examples/test-suite/mzscheme/Makefile
config.status:1063: creating Examples/test-suite/ocaml/Makefile
config.status:1063: creating Examples/test-suite/octave/Makefile
config.status:1063: creating Examples/test-suite/perl5/Makefile
config.status:1063: creating Examples/test-suite/php/Makefile
config.status:1063: creating Examples/test-suite/python/Makefile
config.status:1063: creating Examples/test-suite/ruby/Makefile
config.status:1063: creating Examples/test-suite/scilab/Makefile
config.status:1063: creating Examples/test-suite/tcl/Makefile
config.status:1063: creating Examples/test-suite/lua/Makefile
config.status:1063: creating Examples/test-suite/r/Makefile
config.status:1063: creating Examples/test-suite/go/Makefile
config.status:1063: creating Source/Makefile
config.status:1063: creating Tools/javascript/Makefile
config.status:1063: creating preinst-swig
config.status:1063: creating CCache/ccache_swig_config.h
config.status:1063: creating Source/Include/swigconfig.h
config.status:1277: executing depfiles commands
config.status:1277: executing Examples commands
config.status:1380: generating Examples build tree
configure:13253: === configuring in CCache (/home/mahran/build/Wrapping/Generators/SwigInterface/swig-prefix/src/swig-build/CCache)
configure:13316: running /bin/bash ../../swig/CCache/configure --disable-option-checking '--prefix=/home/mahran/build/Wrapping/Generators/SwigInterface/swig'  '--with-pcre-prefix=/home/mahran/build/Wrapping/Generators/SwigInterface/PCRE' 'CC= /usr/bin/cc' 'CFLAGS=   -O3 -DNDEBUG -w' 'CXX= /usr/bin/c++' 'CXXFLAGS=  -msse2  -msse2 -O3 -DNDEBUG -w' 'YACC=BISON_EXECUTABLE-NOTFOUND' --cache-file=/dev/null --srcdir=../../swig/CCache

## ---------------- ##
## Cache variables. ##
## ---------------- ##

ac_cv_build=x86_64-pc-linux-gnu
ac_cv_c_compiler_gnu=yes
ac_cv_cxx_compiler_gnu=yes
ac_cv_env_CCC_set=
ac_cv_env_CCC_value=
ac_cv_env_CC_set=set
ac_cv_env_CC_value=' /usr/bin/cc'
ac_cv_env_CFLAGS_set=set
ac_cv_env_CFLAGS_value='   -O3 -DNDEBUG -w'
ac_cv_env_CPPFLAGS_set=
ac_cv_env_CPPFLAGS_value=
ac_cv_env_CPP_set=
ac_cv_env_CPP_value=
ac_cv_env_CXXFLAGS_set=set
ac_cv_env_CXXFLAGS_value='  -msse2  -msse2 -O3 -DNDEBUG -w'
ac_cv_env_CXX_set=set
ac_cv_env_CXX_value=' /usr/bin/c++'
ac_cv_env_LDFLAGS_set=
ac_cv_env_LDFLAGS_value=
ac_cv_env_LIBS_set=
ac_cv_env_LIBS_value=
ac_cv_env_PCRE_CFLAGS_set=
ac_cv_env_PCRE_CFLAGS_value=
ac_cv_env_PCRE_CONFIG_set=
ac_cv_env_PCRE_CONFIG_value=
ac_cv_env_PCRE_LIBS_set=
ac_cv_env_PCRE_LIBS_value=
ac_cv_env_YACC_set=set
ac_cv_env_YACC_value=BISON_EXECUTABLE-NOTFOUND
ac_cv_env_YFLAGS_set=
ac_cv_env_YFLAGS_value=
ac_cv_env_build_alias_set=
ac_cv_env_build_alias_value=
ac_cv_env_host_alias_set=
ac_cv_env_host_alias_value=
ac_cv_env_target_alias_set=
ac_cv_env_target_alias_value=
ac_cv_func_popen=yes
ac_cv_header_stdc=yes
ac_cv_host=x86_64-pc-linux-gnu
ac_cv_lib_crypt_crypt=yes
ac_cv_lib_dl_dlopen=yes
ac_cv_lib_dld_shl_load=no
ac_cv_lib_ieee_main=no
ac_cv_lib_swill_swill_init=no
ac_cv_objext=o
ac_cv_path_EGREP='/bin/grep -E'
ac_cv_path_GREP=/bin/grep
ac_cv_path_PCRE_CONFIG=/home/mahran/build/Wrapping/Generators/SwigInterface/PCRE/bin/pcre-config
ac_cv_path_SED=/bin/sed
ac_cv_path_install='/usr/bin/install -c'
ac_cv_path_mkdir=/bin/mkdir
ac_cv_prog_AWK=gawk
ac_cv_prog_CPP=' /usr/bin/cc -E'
ac_cv_prog_NODEJS=node
ac_cv_prog_PERL=perl
ac_cv_prog_PKGCONFIG=pkg-config
ac_cv_prog_PY3CONFIG=python3-config
ac_cv_prog_PYTHON3=python3
ac_cv_prog_PYTHON=python
ac_cv_prog_RUBY=ruby
ac_cv_prog_YACC=BISON_EXECUTABLE-NOTFOUND
ac_cv_prog_ac_ct_CC=' /usr/bin/cc'
ac_cv_prog_cc_c89=
ac_cv_prog_cc_g=yes
ac_cv_prog_cxx_g=yes
ac_cv_prog_make_make_set=yes
ac_cv_search_gethostbyname='none required'
ac_cv_search_socket='none required'
ac_cv_search_t_open=no
am_cv_CC_dependencies_compiler_type=gcc3
am_cv_CXX_dependencies_compiler_type=gcc3
am_cv_make_support_nested_variables=yes
am_cv_prog_cc_c_o=yes

## ----------------- ##
## Output variables. ##
## ----------------- ##

ACLOCAL='${SHELL} /home/mahran/build/Wrapping/Generators/SwigInterface/swig-prefix/src/swig/Tools/config/missing aclocal-1.15'
ADB=''
AMDEPBACKSLASH='\'
AMDEP_FALSE='#'
AMDEP_TRUE=''
AMTAR='$${TAR-tar}'
AM_BACKSLASH='\'
AM_DEFAULT_V='$(AM_DEFAULT_VERBOSITY)'
AM_DEFAULT_VERBOSITY='1'
AM_V='$(V)'
ANDROID=''
ANT=''
AUTOCONF='${SHELL} /home/mahran/build/Wrapping/Generators/SwigInterface/swig-prefix/src/swig/Tools/config/missing autoconf'
AUTOHEADER='${SHELL} /home/mahran/build/Wrapping/Generators/SwigInterface/swig-prefix/src/swig/Tools/config/missing autoheader'
AUTOMAKE='${SHELL} /home/mahran/build/Wrapping/Generators/SwigInterface/swig-prefix/src/swig/Tools/config/missing automake-1.15'
AWK='gawk'
BOOST_CPPFLAGS='-I/include/boost-0'
BOOST_LDFLAGS='-L/lib64'
CAMLP4=''
CC=' /usr/bin/cc'
CCDEPMODE='depmode=gcc3'
CCSHARED='-fpic'
CFLAGS='   -O3 -DNDEBUG -w -Wall -W -ansi -pedantic'
CPP=' /usr/bin/cc -E'
CPPFLAGS=' -I/home/mahran/build/Wrapping/Generators/SwigInterface/PCRE/include -DPCRE_STATIC'
CSHARPCFLAGS=''
CSHARPCILINTERPRETER=''
CSHARPCILINTERPRETER_FLAGS=''
CSHARPCOMPILER=''
CSHARPCONVERTPATH='Tools/convertpath -u'
CSHARPDYNAMICLINKING=''
CSHARPLIBRARYPREFIX='lib'
CSHARPSO='.so'
CXX=' /usr/bin/c++'
CXXDEPMODE='depmode=gcc3'
CXXFLAGS='  -msse2  -msse2 -O3 -DNDEBUG -w -Wall -W -ansi -pedantic'
CXXSHARED=' /usr/bin/cc -shared'
CYGPATH_W='echo'
D1COMPILER=''
D2COMPILER=''
DDEFAULTVERSION=''
DEFS='-DHAVE_CONFIG_H'
DEPDIR='.deps'
DLIBPREFIX='lib'
ECHO_C=''
ECHO_N='-n'
ECHO_T=''
EGREP='/bin/grep -E'
ENABLE_CCACHE='1'
EXEEXT=''
EXTRA_CLEAN=''
GCCGO=''
GCCGOOPT=''
GO12=''
GO13=''
GO15=''
GO1=''
GO=''
GOC=''
GOGCC='false'
GOOPT=''
GOVERSIONOPTION=''
GREP='/bin/grep'
GUILE='yes'
GUILE_CFLAGS=''
GUILE_CONFIG=''
GUILE_LIBS=''
GUILE_SO='.so'
HAVE_CXX11_COMPILER=''
INSTALL_DATA='${INSTALL} -m 644'
INSTALL_PROGRAM='${INSTALL}'
INSTALL_SCRIPT='${INSTALL}'
INSTALL_STRIP_PROGRAM='$(install_sh) -c -s'
JAVA=''
JAVAC=''
JAVACFLAGS=''
JAVACXXSHARED='$(CXXSHARED)'
JAVADYNAMICLINKING=''
JAVAFLAGS=''
JAVAINC=''
JAVALDSHARED='$(LDSHARED)'
JAVALIBRARYPREFIX='lib'
JAVASO='.so'
JAVA_CLASSPATH_SEP=':'
JAVA_SKIP_DOXYGEN_TEST_CASES=''
JSCENABLED=''
JSCOREDYNAMICLINKING=''
JSCOREINC=''
JSCOREVERSION=''
JSINTERPRETERCXX='$(CXX)'
JSINTERPRETERLINKFLAGS='-ldl'
JSV8DYNAMICLINKING=''
JSV8ENABLED=''
JSV8INC=''
LDFLAGS=''
LDSHARED=' /usr/bin/cc -shared'
LIBC=''
LIBCRYPT='-lcrypt'
LIBM='-lm'
LIBOBJS=''
LIBS='-ldl  -L/home/mahran/build/Wrapping/Generators/SwigInterface/PCRE/lib -lpcre'
LINKFORSHARED='-Xlinker -export-dynamic'
LTLIBOBJS=''
LUABIN=''
LUADYNAMICLINKING=''
LUAFLAGS=''
LUALINK=''
LUA_SO='.so'
MAKEINFO='${SHELL} /home/mahran/build/Wrapping/Generators/SwigInterface/swig-prefix/src/swig/Tools/config/missing makeinfo'
MKDIR_P='/bin/mkdir -p'
MZC=''
MZDYNOBJ=''
MZSCHEME=''
MZSCHEME_SO='.so'
NDKBUILD=''
NODEGYP=''
NODEJS=''
OBJEXT='o'
OCAMLC=''
OCAMLDLGEN=''
OCAMLFIND=''
OCAMLMKTOP=''
OCTAVE=''
OCTAVE_CPPFLAGS=''
OCTAVE_CXXFLAGS=''
OCTAVE_LDFLAGS=''
OCTAVE_SO='.oct'
PACKAGE='swig'
PACKAGE_BUGREPORT='http://www.swig.org'
PACKAGE_NAME='swig'
PACKAGE_STRING='swig 4.0.2'
PACKAGE_TARNAME='swig'
PACKAGE_URL=''
PACKAGE_VERSION='4.0.2'
PATH_SEPARATOR=':'
PCHINCLUDEARG='-include'
PCHINCLUDEEXT=''
PCHSUPPORT='yes'
PCRE_CFLAGS='-I/home/mahran/build/Wrapping/Generators/SwigInterface/PCRE/include -DPCRE_STATIC'
PCRE_CONFIG='/home/mahran/build/Wrapping/Generators/SwigInterface/PCRE/bin/pcre-config'
PCRE_LIBS='-L/home/mahran/build/Wrapping/Generators/SwigInterface/PCRE/lib -lpcre'
PERL5CCCDLFLAGS='-fPIC'
PERL5CCDLFLAGS='-Wl,-E'
PERL5CCFLAGS='-D_REENTRANT -D_GNU_SOURCE -DDEBIAN -fwrapv -fno-strict-aliasing -pipe -I/usr/local/include -D_LARGEFILE_SOURCE -D_FILE_OFFSET_BITS=64'
PERL5DYNAMICLINKING=''
PERL5EXT='/usr/lib/x86_64-linux-gnu/perl/5.26/CORE'
PERL5LDFLAGS=' -fstack-protector-strong -L/usr/local/lib'
PERL5LIB='perl'
PERL='perl'
PHP=''
PHPINC=''
PHP_SO='.so'
PKGCONFIG='pkg-config'
PLATCFLAGS=''
PLATCXXFLAGS=''
PY2TO3=''
PY3CONFIG='python3-config'
PY3INCLUDE='-I/usr/include/python3.6m -I/usr/include/python3.6m'
PY3LIB=''
PY3LINK='-lpython3.6'
PYCODESTYLE=''
PYINCLUDE='-I/usr/include/python2.7 -I/usr/lib/python2.7/config'
PYLIB=''
PYLINK='-lpython2.7'
PYTHON3=''
PYTHON3DYNAMICLINKING=''
PYTHON='python'
PYTHONDYNAMICLINKING=''
PYTHON_SO='.so'
RBIN=''
ROOT_DIR='/home/mahran/build/Wrapping/Generators/SwigInterface/swig-prefix/src/swig-build'
RPATH='-Xlinker -rpath $(exec_prefix)/lib -Xlinker -rpath .'
RUBY='ruby'
RUBYCCDLFLAGS='-fPIC'
RUBYDYNAMICLINKING=''
RUBYINCLUDE=''
RUBYLIB='/usr/include/ruby-2.5.0'
RUBYLINK='-lruby-2.5 -lpthread -lgmp -ldl -lcrypt -lm '
RUBYSO='.so'
SCILAB=''
SCILABINCLUDE=''
SCILABOPT=''
SED='/bin/sed'
SET_MAKE=''
SHELL='/bin/bash'
SKIP_ANDROID='1'
SKIP_CSHARP='1'
SKIP_D='1'
SKIP_GO='1'
SKIP_GUILE='1'
SKIP_JAVA='1'
SKIP_JAVASCRIPT='1'
SKIP_LUA='1'
SKIP_MZSCHEME='1'
SKIP_OCAML='1'
SKIP_OCTAVE='1'
SKIP_PERL5=''
SKIP_PHP='1'
SKIP_PYTHON3=''
SKIP_PYTHON=''
SKIP_R='1'
SKIP_RUBY='1'
SKIP_SCILAB='1'
SKIP_TCL='1'
SO='.so'
STRIP=''
SWIGLIBS=''
SWIG_LIB='/home/mahran/build/Wrapping/Generators/SwigInterface/swig/share/swig/4.0.2'
SWIG_LIB_INSTALL='${datarootdir}/swig/4.0.2'
SWIG_LIB_PREINST='/home/mahran/build/Wrapping/Generators/SwigInterface/swig-prefix/src/swig/Lib'
SWIG_LIB_SET='env SWIG_LIB=$(SWIG_LIB_DIR)'
SWILL=''
TCLCXXSHARED='$(CXXSHARED)'
TCLDYNAMICLINKING=''
TCLINCLUDE=''
TCLLDSHARED='$(LDSHARED)'
TCLLIB=''
TCL_SO='.so'
TRYLINKINGWITHCXX='CXXSHARED=  /usr/bin/c++ -shared '
VERSION='4.0.2'
YACC='BISON_EXECUTABLE-NOTFOUND'
YFLAGS=''
ac_aux_dir='../swig/Tools/config'
ac_ct_CC=' /usr/bin/cc'
ac_ct_CXX=''
am__EXEEXT_FALSE=''
am__EXEEXT_TRUE='#'
am__fastdepCC_FALSE='#'
am__fastdepCC_TRUE=''
am__fastdepCXX_FALSE='#'
am__fastdepCXX_TRUE=''
am__include='include'
am__isrc=' -I$(srcdir)'
am__leading_dot='.'
am__nodep='_no'
am__quote=''
am__tar='$${TAR-tar} chof - "$$tardir"'
am__untar='$${TAR-tar} xf -'
bindir='${exec_prefix}/bin'
build='x86_64-pc-linux-gnu'
build_alias=''
build_cpu='x86_64'
build_os='linux-gnu'
build_vendor='pc'
datadir='${datarootdir}'
datarootdir='${prefix}/share'
docdir='${datarootdir}/doc/${PACKAGE_TARNAME}'
dvidir='${docdir}'
exec_prefix='${prefix}'
host='x86_64-pc-linux-gnu'
host_alias=''
host_cpu='x86_64'
host_os='linux-gnu'
host_vendor='pc'
htmldir='${docdir}'
includedir='${prefix}/include'
infodir='${datarootdir}/info'
install_sh='${SHELL} /home/mahran/build/Wrapping/Generators/SwigInterface/swig-prefix/src/swig/Tools/config/install-sh'
libdir='${exec_prefix}/lib'
libexecdir='${exec_prefix}/libexec'
localedir='${datarootdir}/locale'
localstatedir='${prefix}/var'
mandir='${datarootdir}/man'
mkdir_p='$(MKDIR_P)'
oldincludedir='/usr/include'
pdfdir='${docdir}'
prefix='/home/mahran/build/Wrapping/Generators/SwigInterface/swig'
program_transform_name='s,x,x,'
psdir='${docdir}'
runstatedir='${localstatedir}/run'
sbindir='${exec_prefix}/sbin'
sharedstatedir='${prefix}/com'
subdirs=' CCache'
sysconfdir='${prefix}/etc'
target_alias=''

## ----------- ##
## confdefs.h. ##
## ----------- ##

/* confdefs.h */
#define PACKAGE_NAME "swig"
#define PACKAGE_TARNAME "swig"
#define PACKAGE_VERSION "4.0.2"
#define PACKAGE_STRING "swig 4.0.2"
#define PACKAGE_BUGREPORT "http://www.swig.org"
#define PACKAGE_URL ""
#define PACKAGE "swig"
#define VERSION "4.0.2"
#define SWIG_CXX " /usr/bin/c++"
#define SWIG_PLATFORM "x86_64-pc-linux-gnu"
#define STDC_HEADERS 1
#define HAVE_POPEN 1
#define HAVE_PCRE 1
#define HAVE_LIBDL 1
#define SWIG_LIB "/home/mahran/build/Wrapping/Generators/SwigInterface/swig/share/swig/4.0.2"
#define SWIG_LIB_WIN_UNIX ""

configure: exit 0
