This file contains any messages produced by compilers while
running configure, to aid debugging if configure makes a mistake.

It was created by ccache-swig configure 0.0, which was
generated by GNU Autoconf 2.69.  Invocation command line was

  $ ../../swig/CCache/configure --disable-option-checking --prefix=/home/mahran/build/Wrapping/Generators/SwigInterface/swig --with-pcre-prefix=/home/mahran/build/Wrapping/Generators/SwigInterface/PCRE CC= /usr/bin/cc CFLAGS=   -O3 -DNDEBUG -w CXX= /usr/bin/c++ CXXFLAGS=  -msse2  -msse2 -O3 -DNDEBUG -w YACC=BISON_EXECUTABLE-NOTFOUND --cache-file=/dev/null --srcdir=../../swig/CCache

## --------- ##
## Platform. ##
## --------- ##

hostname = Mahran
uname -m = x86_64
uname -r = 4.19.84-microsoft-standard
uname -s = Linux
uname -v = #1 SMP Wed Nov 13 11:44:37 UTC 2019

/usr/bin/uname -p = unknown
/bin/uname -X     = unknown

/bin/arch              = unknown
/usr/bin/arch -k       = unknown
/usr/convex/getsysinfo = unknown
/usr/bin/hostinfo      = unknown
/bin/machine           = unknown
/usr/bin/oslevel       = unknown
/bin/universe          = unknown

PATH: /usr/local/fsl/bin
PATH: /usr/local/fsl/bin
PATH: /usr/local/sbin
PATH: /usr/local/bin
PATH: /usr/sbin
PATH: /usr/bin
PATH: /sbin
PATH: /bin
PATH: /usr/games
PATH: /usr/local/games
PATH: /mnt/c/Program Files (x86)/Common Files/Oracle/Java/javapath
PATH: /mnt/c/Python27/
PATH: /mnt/c/Python27/Scripts
PATH: /mnt/c/WINDOWS/system32
PATH: /mnt/c/WINDOWS
PATH: /mnt/c/WINDOWS/System32/Wbem
PATH: /mnt/c/WINDOWS/System32/WindowsPowerShell/v1.0/
PATH: /mnt/c/WINDOWS/System32/OpenSSH/
PATH: /mnt/c/WINDOWS/system32/config/systemprofile/.dnx/bin
PATH: /mnt/c/Program Files/Microsoft DNX/Dnvm/
PATH: /mnt/c/Program Files/Microsoft SQL Server/130/Tools/Binn/
PATH: /mnt/c/Program Files (x86)/Windows Kits/8.1/Windows Performance Toolkit/
PATH: /mnt/c/Program Files/Intel/WiFi/bin/
PATH: /mnt/c/Program Files/Common Files/Intel/WirelessCommon/
PATH: /mnt/c/Program Files/CMake/bin
PATH: /mnt/c/Users/Mahran/SOFA/v19.06.00/bin
PATH: /mnt/c/Program Files/Git/cmd
PATH: /mnt/c/WINDOWS/System32/WBem
PATH: /mnt/c/Program Files (x86)/Intel/Intel(R) Management Engine Components/DAL
PATH: /mnt/c/Program Files/Intel/Intel(R) Management Engine Components/DAL
PATH: /mnt/c/Users/Mahran/.dnx/bin
PATH: /mnt/c/Python3/Scripts/
PATH: /mnt/c/Python3/
PATH: /mnt/c/Users/Mahran/AppData/Local/Microsoft/WindowsApps
PATH: /mnt/c/Python27
PATH: /mnt/c/Python27/Scripts
PATH: /mnt/c/Users/Mahran/AppData/Local/Microsoft/WindowsApps
PATH: /mnt/c/Users/Mahran/AppData/Local/Programs/Microsoft VS Code/bin
PATH: /snap/bin


## ----------- ##
## Core tests. ##
## ----------- ##

configure:2110: Configuring ccache
configure:2166: checking for gcc
configure:2193: result:  /usr/bin/cc
configure:2422: checking for C compiler version
configure:2431:  /usr/bin/cc --version >&5
cc (Ubuntu 7.5.0-3ubuntu1~18.04) 7.5.0
Copyright (C) 2017 Free Software Foundation, Inc.
This is free software; see the source for copying conditions.  There is NO
warranty; not even for MERCHANTABILITY or FITNESS FOR A PARTICULAR PURPOSE.

configure:2442: $? = 0
configure:2431:  /usr/bin/cc -v >&5
Using built-in specs.
COLLECT_GCC=/usr/bin/cc
COLLECT_LTO_WRAPPER=/usr/lib/gcc/x86_64-linux-gnu/7/lto-wrapper
OFFLOAD_TARGET_NAMES=nvptx-none
OFFLOAD_TARGET_DEFAULT=1
Target: x86_64-linux-gnu
Configured with: ../src/configure -v --with-pkgversion='Ubuntu 7.5.0-3ubuntu1~18.04' --with-bugurl=file:///usr/share/doc/gcc-7/README.Bugs --enable-languages=c,ada,c++,go,brig,d,fortran,objc,obj-c++ --prefix=/usr --with-gcc-major-version-only --program-suffix=-7 --program-prefix=x86_64-linux-gnu- --enable-shared --enable-linker-build-id --libexecdir=/usr/lib --without-included-gettext --enable-threads=posix --libdir=/usr/lib --enable-nls --enable-bootstrap --enable-clocale=gnu --enable-libstdcxx-debug --enable-libstdcxx-time=yes --with-default-libstdcxx-abi=new --enable-gnu-unique-object --disable-vtable-verify --enable-libmpx --enable-plugin --enable-default-pie --with-system-zlib --with-target-system-zlib --enable-objc-gc=auto --enable-multiarch --disable-werror --with-arch-32=i686 --with-abi=m64 --with-multilib-list=m32,m64,mx32 --enable-multilib --with-tune=generic --enable-offload-targets=nvptx-none --without-cuda-driver --enable-checking=release --build=x86_64-linux-gnu --host=x86_64-linux-gnu --target=x86_64-linux-gnu
Thread model: posix
gcc version 7.5.0 (Ubuntu 7.5.0-3ubuntu1~18.04) 
configure:2442: $? = 0
configure:2431:  /usr/bin/cc -V >&5
cc: error: unrecognized command line option '-V'
cc: fatal error: no input files
compilation terminated.
configure:2442: $? = 1
configure:2431:  /usr/bin/cc -qversion >&5
cc: error: unrecognized command line option '-qversion'; did you mean '--version'?
cc: fatal error: no input files
compilation terminated.
configure:2442: $? = 1
configure:2462: checking whether the C compiler works
configure:2484:  /usr/bin/cc    -O3 -DNDEBUG -w  -I/home/mahran/build/Wrapping/Generators/SwigInterface/PCRE/include -DPCRE_STATIC  conftest.c  >&5
configure:2488: $? = 0
configure:2536: result: yes
configure:2539: checking for C compiler default output file name
configure:2541: result: a.out
configure:2547: checking for suffix of executables
configure:2554:  /usr/bin/cc -o conftest    -O3 -DNDEBUG -w  -I/home/mahran/build/Wrapping/Generators/SwigInterface/PCRE/include -DPCRE_STATIC  conftest.c  >&5
configure:2558: $? = 0
configure:2580: result: 
configure:2602: checking whether we are cross compiling
configure:2610:  /usr/bin/cc -o conftest    -O3 -DNDEBUG -w  -I/home/mahran/build/Wrapping/Generators/SwigInterface/PCRE/include -DPCRE_STATIC  conftest.c  >&5
configure:2614: $? = 0
configure:2621: ./conftest
configure:2625: $? = 0
configure:2640: result: no
configure:2645: checking for suffix of object files
configure:2667:  /usr/bin/cc -c    -O3 -DNDEBUG -w  -I/home/mahran/build/Wrapping/Generators/SwigInterface/PCRE/include -DPCRE_STATIC conftest.c >&5
configure:2671: $? = 0
configure:2692: result: o
configure:2696: checking whether we are using the GNU C compiler
configure:2715:  /usr/bin/cc -c    -O3 -DNDEBUG -w  -I/home/mahran/build/Wrapping/Generators/SwigInterface/PCRE/include -DPCRE_STATIC conftest.c >&5
configure:2715: $? = 0
configure:2724: result: yes
configure:2733: checking whether  /usr/bin/cc accepts -g
configure:2753:  /usr/bin/cc -c -g  -I/home/mahran/build/Wrapping/Generators/SwigInterface/PCRE/include -DPCRE_STATIC conftest.c >&5
configure:2753: $? = 0
configure:2794: result: yes
configure:2811: checking for  /usr/bin/cc option to accept ISO C89
configure:2874:  /usr/bin/cc  -c    -O3 -DNDEBUG -w  -I/home/mahran/build/Wrapping/Generators/SwigInterface/PCRE/include -DPCRE_STATIC conftest.c >&5
configure:2874: $? = 0
configure:2887: result: none needed
configure:2912: checking how to run the C preprocessor
configure:2943:  /usr/bin/cc -E  -I/home/mahran/build/Wrapping/Generators/SwigInterface/PCRE/include -DPCRE_STATIC conftest.c
configure:2943: $? = 0
configure:2957:  /usr/bin/cc -E  -I/home/mahran/build/Wrapping/Generators/SwigInterface/PCRE/include -DPCRE_STATIC conftest.c
conftest.c:9:10: fatal error: ac_nonexistent.h: No such file or directory
 #include <ac_nonexistent.h>
          ^~~~~~~~~~~~~~~~~~
compilation terminated.
configure:2957: $? = 1
configure: failed program was:
| /* confdefs.h */
| #define PACKAGE_NAME "ccache-swig"
| #define PACKAGE_TARNAME "ccache-swig"
| #define PACKAGE_VERSION "0.0"
| #define PACKAGE_STRING "ccache-swig 0.0"
| #define PACKAGE_BUGREPORT ""
| #define PACKAGE_URL ""
| /* end confdefs.h.  */
| #include <ac_nonexistent.h>
configure:2982: result:  /usr/bin/cc -E
configure:3002:  /usr/bin/cc -E  -I/home/mahran/build/Wrapping/Generators/SwigInterface/PCRE/include -DPCRE_STATIC conftest.c
configure:3002: $? = 0
configure:3016:  /usr/bin/cc -E  -I/home/mahran/build/Wrapping/Generators/SwigInterface/PCRE/include -DPCRE_STATIC conftest.c
conftest.c:9:10: fatal error: ac_nonexistent.h: No such file or directory
 #include <ac_nonexistent.h>
          ^~~~~~~~~~~~~~~~~~
compilation terminated.
configure:3016: $? = 1
configure: failed program was:
| /* confdefs.h */
| #define PACKAGE_NAME "ccache-swig"
| #define PACKAGE_TARNAME "ccache-swig"
| #define PACKAGE_VERSION "0.0"
| #define PACKAGE_STRING "ccache-swig 0.0"
| #define PACKAGE_BUGREPORT ""
| #define PACKAGE_URL ""
| /* end confdefs.h.  */
| #include <ac_nonexistent.h>
configure:3087: checking for a BSD-compatible install
configure:3155: result: /usr/bin/install -c
configure:3211: checking for dirent.h that defines DIR
configure:3230:  /usr/bin/cc -c    -O3 -DNDEBUG -w -Wall -W  -I/home/mahran/build/Wrapping/Generators/SwigInterface/PCRE/include -DPCRE_STATIC conftest.c >&5
configure:3230: $? = 0
configure:3238: result: yes
configure:3251: checking for library containing opendir
configure:3282:  /usr/bin/cc -o conftest    -O3 -DNDEBUG -w -Wall -W  -I/home/mahran/build/Wrapping/Generators/SwigInterface/PCRE/include -DPCRE_STATIC  conftest.c  >&5
configure:3282: $? = 0
configure:3299: result: none required
configure:3366: checking whether time.h and sys/time.h may both be included
configure:3386:  /usr/bin/cc -c    -O3 -DNDEBUG -w -Wall -W  -I/home/mahran/build/Wrapping/Generators/SwigInterface/PCRE/include -DPCRE_STATIC conftest.c >&5
configure:3386: $? = 0
configure:3393: result: yes
configure:3401: checking for sys/wait.h that is POSIX.1 compatible
configure:3427:  /usr/bin/cc -c    -O3 -DNDEBUG -w -Wall -W  -I/home/mahran/build/Wrapping/Generators/SwigInterface/PCRE/include -DPCRE_STATIC conftest.c >&5
configure:3427: $? = 0
configure:3434: result: yes
configure:3444: checking for grep that handles long lines and -e
configure:3502: result: /bin/grep
configure:3507: checking for egrep
configure:3569: result: /bin/grep -E
configure:3574: checking for ANSI C header files
configure:3594:  /usr/bin/cc -c    -O3 -DNDEBUG -w -Wall -W  -I/home/mahran/build/Wrapping/Generators/SwigInterface/PCRE/include -DPCRE_STATIC conftest.c >&5
configure:3594: $? = 0
configure:3667:  /usr/bin/cc -o conftest    -O3 -DNDEBUG -w -Wall -W  -I/home/mahran/build/Wrapping/Generators/SwigInterface/PCRE/include -DPCRE_STATIC  conftest.c  >&5
configure:3667: $? = 0
configure:3667: ./conftest
configure:3667: $? = 0
configure:3678: result: yes
configure:3691: checking for sys/types.h
configure:3691:  /usr/bin/cc -c    -O3 -DNDEBUG -w -Wall -W  -I/home/mahran/build/Wrapping/Generators/SwigInterface/PCRE/include -DPCRE_STATIC conftest.c >&5
configure:3691: $? = 0
configure:3691: result: yes
configure:3691: checking for sys/stat.h
configure:3691:  /usr/bin/cc -c    -O3 -DNDEBUG -w -Wall -W  -I/home/mahran/build/Wrapping/Generators/SwigInterface/PCRE/include -DPCRE_STATIC conftest.c >&5
configure:3691: $? = 0
configure:3691: result: yes
configure:3691: checking for stdlib.h
configure:3691:  /usr/bin/cc -c    -O3 -DNDEBUG -w -Wall -W  -I/home/mahran/build/Wrapping/Generators/SwigInterface/PCRE/include -DPCRE_STATIC conftest.c >&5
configure:3691: $? = 0
configure:3691: result: yes
configure:3691: checking for string.h
configure:3691:  /usr/bin/cc -c    -O3 -DNDEBUG -w -Wall -W  -I/home/mahran/build/Wrapping/Generators/SwigInterface/PCRE/include -DPCRE_STATIC conftest.c >&5
configure:3691: $? = 0
configure:3691: result: yes
configure:3691: checking for memory.h
configure:3691:  /usr/bin/cc -c    -O3 -DNDEBUG -w -Wall -W  -I/home/mahran/build/Wrapping/Generators/SwigInterface/PCRE/include -DPCRE_STATIC conftest.c >&5
configure:3691: $? = 0
configure:3691: result: yes
configure:3691: checking for strings.h
configure:3691:  /usr/bin/cc -c    -O3 -DNDEBUG -w -Wall -W  -I/home/mahran/build/Wrapping/Generators/SwigInterface/PCRE/include -DPCRE_STATIC conftest.c >&5
configure:3691: $? = 0
configure:3691: result: yes
configure:3691: checking for inttypes.h
configure:3691:  /usr/bin/cc -c    -O3 -DNDEBUG -w -Wall -W  -I/home/mahran/build/Wrapping/Generators/SwigInterface/PCRE/include -DPCRE_STATIC conftest.c >&5
configure:3691: $? = 0
configure:3691: result: yes
configure:3691: checking for stdint.h
configure:3691:  /usr/bin/cc -c    -O3 -DNDEBUG -w -Wall -W  -I/home/mahran/build/Wrapping/Generators/SwigInterface/PCRE/include -DPCRE_STATIC conftest.c >&5
configure:3691: $? = 0
configure:3691: result: yes
configure:3691: checking for unistd.h
configure:3691:  /usr/bin/cc -c    -O3 -DNDEBUG -w -Wall -W  -I/home/mahran/build/Wrapping/Generators/SwigInterface/PCRE/include -DPCRE_STATIC conftest.c >&5
configure:3691: $? = 0
configure:3691: result: yes
configure:3706: checking ctype.h usability
configure:3706:  /usr/bin/cc -c    -O3 -DNDEBUG -w -Wall -W  -I/home/mahran/build/Wrapping/Generators/SwigInterface/PCRE/include -DPCRE_STATIC conftest.c >&5
configure:3706: $? = 0
configure:3706: result: yes
configure:3706: checking ctype.h presence
configure:3706:  /usr/bin/cc -E  -I/home/mahran/build/Wrapping/Generators/SwigInterface/PCRE/include -DPCRE_STATIC conftest.c
configure:3706: $? = 0
configure:3706: result: yes
configure:3706: checking for ctype.h
configure:3706: result: yes
configure:3706: checking for strings.h
configure:3706: result: yes
configure:3706: checking for stdlib.h
configure:3706: result: yes
configure:3706: checking for string.h
configure:3706: result: yes
configure:3706: checking pwd.h usability
configure:3706:  /usr/bin/cc -c    -O3 -DNDEBUG -w -Wall -W  -I/home/mahran/build/Wrapping/Generators/SwigInterface/PCRE/include -DPCRE_STATIC conftest.c >&5
configure:3706: $? = 0
configure:3706: result: yes
configure:3706: checking pwd.h presence
configure:3706:  /usr/bin/cc -E  -I/home/mahran/build/Wrapping/Generators/SwigInterface/PCRE/include -DPCRE_STATIC conftest.c
configure:3706: $? = 0
configure:3706: result: yes
configure:3706: checking for pwd.h
configure:3706: result: yes
configure:3706: checking sys/time.h usability
configure:3706:  /usr/bin/cc -c    -O3 -DNDEBUG -w -Wall -W  -I/home/mahran/build/Wrapping/Generators/SwigInterface/PCRE/include -DPCRE_STATIC conftest.c >&5
configure:3706: $? = 0
configure:3706: result: yes
configure:3706: checking sys/time.h presence
configure:3706:  /usr/bin/cc -E  -I/home/mahran/build/Wrapping/Generators/SwigInterface/PCRE/include -DPCRE_STATIC conftest.c
configure:3706: $? = 0
configure:3706: result: yes
configure:3706: checking for sys/time.h
configure:3706: result: yes
configure:3720: checking for realpath
configure:3720:  /usr/bin/cc -o conftest    -O3 -DNDEBUG -w -Wall -W  -I/home/mahran/build/Wrapping/Generators/SwigInterface/PCRE/include -DPCRE_STATIC  conftest.c  >&5
configure:3720: $? = 0
configure:3720: result: yes
configure:3720: checking for snprintf
configure:3720:  /usr/bin/cc -o conftest    -O3 -DNDEBUG -w -Wall -W  -I/home/mahran/build/Wrapping/Generators/SwigInterface/PCRE/include -DPCRE_STATIC  conftest.c  >&5
configure:3720: $? = 0
configure:3720: result: yes
configure:3720: checking for vsnprintf
configure:3720:  /usr/bin/cc -o conftest    -O3 -DNDEBUG -w -Wall -W  -I/home/mahran/build/Wrapping/Generators/SwigInterface/PCRE/include -DPCRE_STATIC  conftest.c  >&5
configure:3720: $? = 0
configure:3720: result: yes
configure:3720: checking for vasprintf
configure:3720:  /usr/bin/cc -o conftest    -O3 -DNDEBUG -w -Wall -W  -I/home/mahran/build/Wrapping/Generators/SwigInterface/PCRE/include -DPCRE_STATIC  conftest.c  >&5
configure:3720: $? = 0
configure:3720: result: yes
configure:3720: checking for asprintf
configure:3720:  /usr/bin/cc -o conftest    -O3 -DNDEBUG -w -Wall -W  -I/home/mahran/build/Wrapping/Generators/SwigInterface/PCRE/include -DPCRE_STATIC  conftest.c  >&5
configure:3720: $? = 0
configure:3720: result: yes
configure:3720: checking for mkstemp
configure:3720:  /usr/bin/cc -o conftest    -O3 -DNDEBUG -w -Wall -W  -I/home/mahran/build/Wrapping/Generators/SwigInterface/PCRE/include -DPCRE_STATIC  conftest.c  >&5
configure:3720: $? = 0
configure:3720: result: yes
configure:3732: checking for gethostname
configure:3732:  /usr/bin/cc -o conftest    -O3 -DNDEBUG -w -Wall -W  -I/home/mahran/build/Wrapping/Generators/SwigInterface/PCRE/include -DPCRE_STATIC  conftest.c  >&5
configure:3732: $? = 0
configure:3732: result: yes
configure:3732: checking for getpwuid
configure:3732:  /usr/bin/cc -o conftest    -O3 -DNDEBUG -w -Wall -W  -I/home/mahran/build/Wrapping/Generators/SwigInterface/PCRE/include -DPCRE_STATIC  conftest.c  >&5
configure:3732: $? = 0
configure:3732: result: yes
configure:3743: checking for utimes
configure:3743:  /usr/bin/cc -o conftest    -O3 -DNDEBUG -w -Wall -W  -I/home/mahran/build/Wrapping/Generators/SwigInterface/PCRE/include -DPCRE_STATIC  conftest.c  >&5
configure:3743: $? = 0
configure:3743: result: yes
configure:3753: checking for compar_fn_t in stdlib.h
configure:3772:  /usr/bin/cc -c    -O3 -DNDEBUG -w -Wall -W  -I/home/mahran/build/Wrapping/Generators/SwigInterface/PCRE/include -DPCRE_STATIC conftest.c >&5
configure:3772: $? = 0
configure:3779: result: yes
configure:3787: checking for C99 vsnprintf
configure:3818:  /usr/bin/cc -o conftest    -O3 -DNDEBUG -w -Wall -W  -I/home/mahran/build/Wrapping/Generators/SwigInterface/PCRE/include -DPCRE_STATIC  conftest.c  >&5
configure:3818: $? = 0
configure:3818: ./conftest
configure:3818: $? = 0
configure:3828: result: yes
configure:3845: checking zlib.h usability
configure:3845:  /usr/bin/cc -c    -O3 -DNDEBUG -w -Wall -W  -I/home/mahran/build/Wrapping/Generators/SwigInterface/PCRE/include -DPCRE_STATIC conftest.c >&5
configure:3845: $? = 0
configure:3845: result: yes
configure:3845: checking zlib.h presence
configure:3845:  /usr/bin/cc -E  -I/home/mahran/build/Wrapping/Generators/SwigInterface/PCRE/include -DPCRE_STATIC conftest.c
configure:3845: $? = 0
configure:3845: result: yes
configure:3845: checking for zlib.h
configure:3845: result: yes
configure:3847: checking for gzdopen in -lz
configure:3872:  /usr/bin/cc -o conftest    -O3 -DNDEBUG -w -Wall -W  -I/home/mahran/build/Wrapping/Generators/SwigInterface/PCRE/include -DPCRE_STATIC  conftest.c -lz   >&5
configure:3872: $? = 0
configure:3881: result: yes
configure:4011: creating ./config.status

## ---------------------- ##
## Running config.status. ##
## ---------------------- ##

This file was extended by ccache-swig config.status 0.0, which was
generated by GNU Autoconf 2.69.  Invocation command line was

  CONFIG_FILES    = 
  CONFIG_HEADERS  = 
  CONFIG_LINKS    = 
  CONFIG_COMMANDS = 
  $ ./config.status 

on Mahran

config.status:827: creating config_win32.h
config.status:827: creating Makefile
config.status:827: creating config.h

## ---------------- ##
## Cache variables. ##
## ---------------- ##

ac_cv_c_compiler_gnu=yes
ac_cv_env_CC_set=set
ac_cv_env_CC_value=' /usr/bin/cc'
ac_cv_env_CFLAGS_set=set
ac_cv_env_CFLAGS_value='   -O3 -DNDEBUG -w'
ac_cv_env_CPPFLAGS_set=set
ac_cv_env_CPPFLAGS_value=' -I/home/mahran/build/Wrapping/Generators/SwigInterface/PCRE/include -DPCRE_STATIC'
ac_cv_env_CPP_set=
ac_cv_env_CPP_value=
ac_cv_env_LDFLAGS_set=set
ac_cv_env_LDFLAGS_value=
ac_cv_env_LIBS_set=
ac_cv_env_LIBS_value=
ac_cv_env_build_alias_set=
ac_cv_env_build_alias_value=
ac_cv_env_host_alias_set=
ac_cv_env_host_alias_value=
ac_cv_env_target_alias_set=
ac_cv_env_target_alias_value=
ac_cv_func_asprintf=yes
ac_cv_func_gethostname=yes
ac_cv_func_getpwuid=yes
ac_cv_func_mkstemp=yes
ac_cv_func_realpath=yes
ac_cv_func_snprintf=yes
ac_cv_func_utimes=yes
ac_cv_func_vasprintf=yes
ac_cv_func_vsnprintf=yes
ac_cv_header_ctype_h=yes
ac_cv_header_dirent_dirent_h=yes
ac_cv_header_inttypes_h=yes
ac_cv_header_memory_h=yes
ac_cv_header_pwd_h=yes
ac_cv_header_stdc=yes
ac_cv_header_stdint_h=yes
ac_cv_header_stdlib_h=yes
ac_cv_header_string_h=yes
ac_cv_header_strings_h=yes
ac_cv_header_sys_stat_h=yes
ac_cv_header_sys_time_h=yes
ac_cv_header_sys_types_h=yes
ac_cv_header_sys_wait_h=yes
ac_cv_header_time=yes
ac_cv_header_unistd_h=yes
ac_cv_header_zlib_h=yes
ac_cv_lib_z_gzdopen=yes
ac_cv_objext=o
ac_cv_path_EGREP='/bin/grep -E'
ac_cv_path_GREP=/bin/grep
ac_cv_path_install='/usr/bin/install -c'
ac_cv_prog_CPP=' /usr/bin/cc -E'
ac_cv_prog_ac_ct_CC=' /usr/bin/cc'
ac_cv_prog_cc_c89=
ac_cv_prog_cc_g=yes
ac_cv_search_opendir='none required'
ccache_cv_COMPAR_FN_T=yes
ccache_cv_HAVE_C99_VSNPRINTF=yes

## ----------------- ##
## Output variables. ##
## ----------------- ##

CC=' /usr/bin/cc'
CFLAGS='   -O3 -DNDEBUG -w -Wall -W'
CPP=' /usr/bin/cc -E'
CPPFLAGS=' -I/home/mahran/build/Wrapping/Generators/SwigInterface/PCRE/include -DPCRE_STATIC'
DEFS='-DHAVE_CONFIG_H'
ECHO_C=''
ECHO_N='-n'
ECHO_T=''
EGREP='/bin/grep -E'
EXEEXT=''
GREP='/bin/grep'
INSTALL_DATA='${INSTALL} -m 644'
INSTALL_PROGRAM='${INSTALL}'
INSTALL_SCRIPT='${INSTALL}'
LDFLAGS=''
LIBOBJS=''
LIBS='-lz '
LTLIBOBJS=''
OBJEXT='o'
PACKAGE_BUGREPORT=''
PACKAGE_NAME='ccache-swig'
PACKAGE_STRING='ccache-swig 0.0'
PACKAGE_TARNAME='ccache-swig'
PACKAGE_URL=''
PACKAGE_VERSION='0.0'
PATH_SEPARATOR=':'
PROGRAM_NAME='ccache-swig'
SHELL='/bin/bash'
ac_ct_CC=' /usr/bin/cc'
bindir='${exec_prefix}/bin'
build_alias=''
datadir='${datarootdir}'
datarootdir='${prefix}/share'
docdir='${datarootdir}/doc/${PACKAGE_TARNAME}'
dvidir='${docdir}'
exec_prefix='${prefix}'
host_alias=''
htmldir='${docdir}'
includedir='${prefix}/include'
infodir='${datarootdir}/info'
libdir='${exec_prefix}/lib'
libexecdir='${exec_prefix}/libexec'
localedir='${datarootdir}/locale'
localstatedir='${prefix}/var'
mandir='${datarootdir}/man'
oldincludedir='/usr/include'
pdfdir='${docdir}'
prefix='/home/mahran/build/Wrapping/Generators/SwigInterface/swig'
program_transform_name='s,x,x,'
psdir='${docdir}'
runstatedir='${localstatedir}/run'
sbindir='${exec_prefix}/sbin'
sharedstatedir='${prefix}/com'
sysconfdir='${prefix}/etc'
target_alias=''

## ----------- ##
## confdefs.h. ##
## ----------- ##

/* confdefs.h */
#define PACKAGE_NAME "ccache-swig"
#define PACKAGE_TARNAME "ccache-swig"
#define PACKAGE_VERSION "0.0"
#define PACKAGE_STRING "ccache-swig 0.0"
#define PACKAGE_BUGREPORT ""
#define PACKAGE_URL ""
#define PROGRAM_NAME "ccache-swig"
#define _GNU_SOURCE 1
#define HAVE_DIRENT_H 1
#define TIME_WITH_SYS_TIME 1
#define HAVE_SYS_WAIT_H 1
#define STDC_HEADERS 1
#define HAVE_SYS_TYPES_H 1
#define HAVE_SYS_STAT_H 1
#define HAVE_STDLIB_H 1
#define HAVE_STRING_H 1
#define HAVE_MEMORY_H 1
#define HAVE_STRINGS_H 1
#define HAVE_INTTYPES_H 1
#define HAVE_STDINT_H 1
#define HAVE_UNISTD_H 1
#define HAVE_CTYPE_H 1
#define HAVE_STRINGS_H 1
#define HAVE_STDLIB_H 1
#define HAVE_STRING_H 1
#define HAVE_PWD_H 1
#define HAVE_SYS_TIME_H 1
#define HAVE_REALPATH 1
#define HAVE_SNPRINTF 1
#define HAVE_VSNPRINTF 1
#define HAVE_VASPRINTF 1
#define HAVE_ASPRINTF 1
#define HAVE_MKSTEMP 1
#define HAVE_GETHOSTNAME 1
#define HAVE_GETPWUID 1
#define HAVE_UTIMES 1
#define HAVE_COMPAR_FN_T 1
#define HAVE_C99_VSNPRINTF 1
#define ENABLE_ZLIB 1

configure: exit 0
